2026/02/11 19:52:59 [notice] 1#1: using the "epoll" event method
2026/02/11 19:52:59 [notice] 1#1: nginx/1.29.5
2026/02/11 19:52:59 [notice] 1#1: built by gcc 14.2.0 (Debian 14.2.0-19) 
2026/02/11 19:52:59 [notice] 1#1: OS: Linux 5.15.146.1-microsoft-standard-WSL2
2026/02/11 19:52:59 [notice] 1#1: getrlimit(RLIMIT_NOFILE): 1048576:1048576
2026/02/11 19:52:59 [notice] 1#1: start worker processes
2026/02/11 19:52:59 [notice] 1#1: start worker process 28
2026/02/11 19:52:59 [notice] 1#1: start worker process 29
2026/02/11 19:52:59 [notice] 1#1: start worker process 30
2026/02/11 19:52:59 [notice] 1#1: start worker process 31
2026/02/11 19:52:59 [notice] 1#1: start worker process 32
2026/02/11 19:52:59 [notice] 1#1: start worker process 33
2026/02/11 19:52:59 [notice] 1#1: start worker process 34
2026/02/11 19:52:59 [notice] 1#1: start worker process 35
2026/02/11 20:01:27 [notice] 1#1: signal 3 (SIGQUIT) received, shutting down
2026/02/11 20:01:27 [notice] 28#28: gracefully shutting down
2026/02/11 20:01:27 [notice] 29#29: gracefully shutting down
2026/02/11 20:01:27 [notice] 31#31: gracefully shutting down
2026/02/11 20:01:27 [notice] 33#33: gracefully shutting down
2026/02/11 20:01:27 [notice] 28#28: exiting
2026/02/11 20:01:27 [notice] 32#32: gracefully shutting down
2026/02/11 20:01:27 [notice] 34#34: gracefully shutting down
2026/02/11 20:01:27 [notice] 30#30: gracefully shutting down
2026/02/11 20:01:27 [notice] 33#33: exiting
2026/02/11 20:01:27 [notice] 29#29: exiting
2026/02/11 20:01:27 [notice] 35#35: gracefully shutting down
2026/02/11 20:01:27 [notice] 34#34: exiting
2026/02/11 20:01:27 [notice] 32#32: exiting
2026/02/11 20:01:27 [notice] 33#33: exit
2026/02/11 20:01:27 [notice] 28#28: exit
2026/02/11 20:01:27 [notice] 32#32: exit
2026/02/11 20:01:27 [notice] 34#34: exit
2026/02/11 20:01:27 [notice] 35#35: exiting
2026/02/11 20:01:27 [notice] 35#35: exit
2026/02/11 20:01:27 [notice] 29#29: exit
2026/02/11 20:01:27 [notice] 30#30: exiting
2026/02/11 20:01:27 [notice] 30#30: exit
2026/02/11 20:01:27 [notice] 31#31: exiting
2026/02/11 20:01:27 [notice] 31#31: exit
2026/02/11 20:01:27 [notice] 1#1: signal 17 (SIGCHLD) received from 34
2026/02/11 20:01:27 [notice] 1#1: worker process 34 exited with code 0
2026/02/11 20:01:27 [notice] 1#1: signal 29 (SIGIO) received
2026/02/11 20:01:27 [notice] 1#1: signal 17 (SIGCHLD) received from 35
2026/02/11 20:01:27 [notice] 1#1: worker process 29 exited with code 0
2026/02/11 20:01:27 [notice] 1#1: worker process 35 exited with code 0
2026/02/11 20:01:27 [notice] 1#1: signal 29 (SIGIO) received
2026/02/11 20:01:27 [notice] 1#1: signal 17 (SIGCHLD) received from 28
2026/02/11 20:01:27 [notice] 1#1: worker process 28 exited with code 0
2026/02/11 20:01:27 [notice] 1#1: signal 29 (SIGIO) received
2026/02/11 20:01:27 [notice] 1#1: signal 17 (SIGCHLD) received from 33
2026/02/11 20:01:27 [notice] 1#1: worker process 33 exited with code 0
2026/02/11 20:01:27 [notice] 1#1: signal 29 (SIGIO) received
2026/02/11 20:01:27 [notice] 1#1: signal 17 (SIGCHLD) received from 31
2026/02/11 20:01:27 [notice] 1#1: worker process 31 exited with code 0
2026/02/11 20:01:27 [notice] 1#1: signal 29 (SIGIO) received
2026/02/11 20:01:27 [notice] 1#1: signal 17 (SIGCHLD) received from 30
2026/02/11 20:01:27 [notice] 1#1: worker process 30 exited with code 0
2026/02/11 20:01:27 [notice] 1#1: signal 29 (SIGIO) received
2026/02/11 20:01:27 [notice] 1#1: signal 17 (SIGCHLD) received from 32
2026/02/11 20:01:27 [notice] 1#1: worker process 32 exited with code 0
2026/02/11 20:01:27 [notice] 1#1: exit
2026/02/11 20:01:41 [notice] 1#1: using the "epoll" event method
2026/02/11 20:01:41 [notice] 1#1: nginx/1.29.5
2026/02/11 20:01:41 [notice] 1#1: built by gcc 14.2.0 (Debian 14.2.0-19) 
2026/02/11 20:01:41 [notice] 1#1: OS: Linux 5.15.146.1-microsoft-standard-WSL2
2026/02/11 20:01:41 [notice] 1#1: getrlimit(RLIMIT_NOFILE): 1048576:1048576
2026/02/11 20:01:41 [notice] 1#1: start worker processes
2026/02/11 20:01:41 [notice] 1#1: start worker process 28
2026/02/11 20:01:41 [notice] 1#1: start worker process 29
2026/02/11 20:01:41 [notice] 1#1: start worker process 30
2026/02/11 20:01:41 [notice] 1#1: start worker process 31
2026/02/11 20:01:41 [notice] 1#1: start worker process 32
2026/02/11 20:01:41 [notice] 1#1: start worker process 33
2026/02/11 20:01:41 [notice] 1#1: start worker process 34
2026/02/11 20:01:41 [notice] 1#1: start worker process 35
2026/02/12 17:35:59 [notice] 1#1: using the "epoll" event method
2026/02/12 17:35:59 [notice] 1#1: nginx/1.29.5
2026/02/12 17:35:59 [notice] 1#1: built by gcc 14.2.0 (Debian 14.2.0-19) 
2026/02/12 17:35:59 [notice] 1#1: OS: Linux 5.15.146.1-microsoft-standard-WSL2
2026/02/12 17:35:59 [notice] 1#1: getrlimit(RLIMIT_NOFILE): 1048576:1048576
2026/02/12 17:35:59 [notice] 1#1: start worker processes
2026/02/12 17:35:59 [notice] 1#1: start worker process 28
2026/02/12 17:35:59 [notice] 1#1: start worker process 29
2026/02/12 17:35:59 [notice] 1#1: start worker process 30
2026/02/12 17:35:59 [notice] 1#1: start worker process 31
2026/02/12 17:35:59 [notice] 1#1: start worker process 32
2026/02/12 17:35:59 [notice] 1#1: start worker process 33
2026/02/12 17:35:59 [notice] 1#1: start worker process 34
2026/02/12 17:35:59 [notice] 1#1: start worker process 35
2026/02/12 17:54:54 [notice] 1#1: signal 3 (SIGQUIT) received, shutting down
2026/02/12 17:54:54 [notice] 28#28: gracefully shutting down
2026/02/12 17:54:54 [notice] 30#30: gracefully shutting down
2026/02/12 17:54:54 [notice] 32#32: gracefully shutting down
2026/02/12 17:54:54 [notice] 33#33: gracefully shutting down
2026/02/12 17:54:54 [notice] 34#34: gracefully shutting down
2026/02/12 17:54:54 [notice] 32#32: exiting
2026/02/12 17:54:54 [notice] 30#30: exiting
2026/02/12 17:54:54 [notice] 28#28: exiting
2026/02/12 17:54:54 [notice] 34#34: exiting
2026/02/12 17:54:54 [notice] 29#29: gracefully shutting down
2026/02/12 17:54:54 [notice] 33#33: exiting
2026/02/12 17:54:54 [notice] 35#35: gracefully shutting down
2026/02/12 17:54:54 [notice] 31#31: gracefully shutting down
2026/02/12 17:54:54 [notice] 29#29: exiting
2026/02/12 17:54:54 [notice] 29#29: exit
2026/02/12 17:54:54 [notice] 28#28: exit
2026/02/12 17:54:54 [notice] 34#34: exit
2026/02/12 17:54:54 [notice] 32#32: exit
2026/02/12 17:54:54 [notice] 30#30: exit
2026/02/12 17:54:54 [notice] 31#31: exiting
2026/02/12 17:54:54 [notice] 31#31: exit
2026/02/12 17:54:54 [notice] 35#35: exiting
2026/02/12 17:54:54 [notice] 35#35: exit
2026/02/12 17:54:54 [notice] 33#33: exit
2026/02/12 17:54:54 [notice] 1#1: signal 17 (SIGCHLD) received from 31
2026/02/12 17:54:54 [notice] 1#1: worker process 31 exited with code 0
2026/02/12 17:54:54 [notice] 1#1: signal 29 (SIGIO) received
2026/02/12 17:54:54 [notice] 1#1: signal 17 (SIGCHLD) received from 30
2026/02/12 17:54:54 [notice] 1#1: worker process 30 exited with code 0
2026/02/12 17:54:54 [notice] 1#1: signal 29 (SIGIO) received
2026/02/12 17:54:54 [notice] 1#1: signal 17 (SIGCHLD) received from 32
2026/02/12 17:54:54 [notice] 1#1: worker process 32 exited with code 0
2026/02/12 17:54:54 [notice] 1#1: signal 29 (SIGIO) received
2026/02/12 17:54:54 [notice] 1#1: signal 17 (SIGCHLD) received from 33
2026/02/12 17:54:54 [notice] 1#1: worker process 28 exited with code 0
2026/02/12 17:54:54 [notice] 1#1: worker process 29 exited with code 0
2026/02/12 17:54:54 [notice] 1#1: worker process 33 exited with code 0
2026/02/12 17:54:54 [notice] 1#1: worker process 35 exited with code 0
2026/02/12 17:54:54 [notice] 1#1: signal 29 (SIGIO) received
2026/02/12 17:54:54 [notice] 1#1: signal 17 (SIGCHLD) received from 34
2026/02/12 17:54:54 [notice] 1#1: worker process 34 exited with code 0
2026/02/12 17:54:54 [notice] 1#1: exit
2026/02/12 18:25:30 [notice] 1#1: using the "epoll" event method
2026/02/12 18:25:30 [notice] 1#1: nginx/1.29.5
2026/02/12 18:25:30 [notice] 1#1: built by gcc 14.2.0 (Debian 14.2.0-19) 
2026/02/12 18:25:30 [notice] 1#1: OS: Linux 5.15.146.1-microsoft-standard-WSL2
2026/02/12 18:25:30 [notice] 1#1: getrlimit(RLIMIT_NOFILE): 1048576:1048576
2026/02/12 18:25:30 [notice] 1#1: start worker processes
2026/02/12 18:25:30 [notice] 1#1: start worker process 28
2026/02/12 18:25:30 [notice] 1#1: start worker process 29
2026/02/12 18:25:30 [notice] 1#1: start worker process 30
2026/02/12 18:25:30 [notice] 1#1: start worker process 31
2026/02/12 18:25:30 [notice] 1#1: start worker process 32
2026/02/12 18:25:30 [notice] 1#1: start worker process 33
2026/02/12 18:25:30 [notice] 1#1: start worker process 34
2026/02/12 18:25:30 [notice] 1#1: start worker process 35
2026/02/16 16:06:20 [notice] 1#1: using the "epoll" event method
2026/02/16 16:06:20 [notice] 1#1: nginx/1.29.5
2026/02/16 16:06:20 [notice] 1#1: built by gcc 14.2.0 (Debian 14.2.0-19) 
2026/02/16 16:06:20 [notice] 1#1: OS: Linux 5.15.146.1-microsoft-standard-WSL2
2026/02/16 16:06:20 [notice] 1#1: getrlimit(RLIMIT_NOFILE): 1048576:1048576
2026/02/16 16:06:20 [notice] 1#1: start worker processes
2026/02/16 16:06:20 [notice] 1#1: start worker process 28
2026/02/16 16:06:20 [notice] 1#1: start worker process 29
2026/02/16 16:06:20 [notice] 1#1: start worker process 30
2026/02/16 16:06:20 [notice] 1#1: start worker process 31
2026/02/16 16:06:20 [notice] 1#1: start worker process 32
2026/02/16 16:06:20 [notice] 1#1: start worker process 33
2026/02/16 16:06:20 [notice] 1#1: start worker process 34
2026/02/16 16:06:20 [notice] 1#1: start worker process 35
2026/02/16 18:52:27 [notice] 1#1: signal 3 (SIGQUIT) received, shutting down
2026/02/16 18:52:27 [notice] 30#30: gracefully shutting down
2026/02/16 18:52:27 [notice] 33#33: gracefully shutting down
2026/02/16 18:52:27 [notice] 28#28: gracefully shutting down
2026/02/16 18:52:27 [notice] 29#29: gracefully shutting down
2026/02/16 18:52:27 [notice] 34#34: gracefully shutting down
2026/02/16 18:52:27 [notice] 35#35: gracefully shutting down
2026/02/16 18:52:27 [notice] 32#32: gracefully shutting down
2026/02/16 18:52:27 [notice] 29#29: exiting
2026/02/16 18:52:27 [notice] 33#33: exiting
2026/02/16 18:52:27 [notice] 35#35: exiting
2026/02/16 18:52:27 [notice] 28#28: exiting
2026/02/16 18:52:27 [notice] 30#30: exiting
2026/02/16 18:52:27 [notice] 32#32: exiting
2026/02/16 18:52:27 [notice] 34#34: exiting
2026/02/16 18:52:27 [notice] 31#31: gracefully shutting down
2026/02/16 18:52:27 [notice] 31#31: exiting
2026/02/16 18:52:27 [notice] 29#29: exit
2026/02/16 18:52:27 [notice] 32#32: exit
2026/02/16 18:52:27 [notice] 28#28: exit
2026/02/16 18:52:27 [notice] 30#30: exit
2026/02/16 18:52:27 [notice] 33#33: exit
2026/02/16 18:52:27 [notice] 34#34: exit
2026/02/16 18:52:27 [notice] 35#35: exit
2026/02/16 18:52:27 [notice] 31#31: exit
2026/02/16 18:52:27 [notice] 1#1: signal 17 (SIGCHLD) received from 28
2026/02/16 18:52:27 [notice] 1#1: worker process 28 exited with code 0
2026/02/16 18:52:27 [notice] 1#1: signal 29 (SIGIO) received
2026/02/16 18:52:27 [notice] 1#1: signal 17 (SIGCHLD) received from 34
2026/02/16 18:52:27 [notice] 1#1: worker process 34 exited with code 0
2026/02/16 18:52:27 [notice] 1#1: signal 29 (SIGIO) received
2026/02/16 18:52:27 [notice] 1#1: signal 17 (SIGCHLD) received from 31
2026/02/16 18:52:27 [notice] 1#1: worker process 30 exited with code 0
2026/02/16 18:52:27 [notice] 1#1: worker process 31 exited with code 0
2026/02/16 18:52:27 [notice] 1#1: worker process 32 exited with code 0
2026/02/16 18:52:27 [notice] 1#1: worker process 33 exited with code 0
2026/02/16 18:52:27 [notice] 1#1: worker process 35 exited with code 0
2026/02/16 18:52:27 [notice] 1#1: signal 29 (SIGIO) received
2026/02/16 18:52:27 [notice] 1#1: signal 17 (SIGCHLD) received from 29
2026/02/16 18:52:27 [notice] 1#1: worker process 29 exited with code 0
2026/02/16 18:52:27 [notice] 1#1: exit
2026/02/16 18:52:57 [notice] 1#1: using the "epoll" event method
2026/02/16 18:52:57 [notice] 1#1: nginx/1.29.5
2026/02/16 18:52:57 [notice] 1#1: built by gcc 14.2.0 (Debian 14.2.0-19) 
2026/02/16 18:52:57 [notice] 1#1: OS: Linux 5.15.146.1-microsoft-standard-WSL2
2026/02/16 18:52:57 [notice] 1#1: getrlimit(RLIMIT_NOFILE): 1048576:1048576
2026/02/16 18:52:57 [notice] 1#1: start worker processes
2026/02/16 18:52:57 [notice] 1#1: start worker process 28
2026/02/16 18:52:57 [notice] 1#1: start worker process 29
2026/02/16 18:52:57 [notice] 1#1: start worker process 30
2026/02/16 18:52:57 [notice] 1#1: start worker process 31
2026/02/16 18:52:57 [notice] 1#1: start worker process 32
2026/02/16 18:52:57 [notice] 1#1: start worker process 33
2026/02/16 18:52:57 [notice] 1#1: start worker process 34
2026/02/16 18:52:57 [notice] 1#1: start worker process 35
2026/02/16 19:01:28 [error] 30#30: *3 upstream timed out (110: Connection timed out) while reading response header from upstream, client: 172.21.0.1, server: api.agtu.local, request: "GET /get-PDF HTTP/1.1", upstream: "fastcgi://172.21.0.2:9000", host: "api.agtu.local"
2026/02/18 16:57:58 [notice] 1#1: using the "epoll" event method
2026/02/18 16:57:58 [notice] 1#1: nginx/1.29.5
2026/02/18 16:57:58 [notice] 1#1: built by gcc 14.2.0 (Debian 14.2.0-19) 
2026/02/18 16:57:58 [notice] 1#1: OS: Linux 5.15.146.1-microsoft-standard-WSL2
2026/02/18 16:57:58 [notice] 1#1: getrlimit(RLIMIT_NOFILE): 1048576:1048576
2026/02/18 16:57:58 [notice] 1#1: start worker processes
2026/02/18 16:57:58 [notice] 1#1: start worker process 29
2026/02/18 16:57:58 [notice] 1#1: start worker process 30
2026/02/18 16:57:58 [notice] 1#1: start worker process 31
2026/02/18 16:57:58 [notice] 1#1: start worker process 32
2026/02/18 16:57:58 [notice] 1#1: start worker process 33
2026/02/18 16:57:58 [notice] 1#1: start worker process 34
2026/02/18 16:57:58 [notice] 1#1: start worker process 35
2026/02/18 16:57:58 [notice] 1#1: start worker process 36
2026/02/18 19:49:48 [notice] 1#1: signal 3 (SIGQUIT) received, shutting down
2026/02/18 19:49:48 [notice] 33#33: gracefully shutting down
2026/02/18 19:49:48 [notice] 30#30: gracefully shutting down
2026/02/18 19:49:48 [notice] 34#34: gracefully shutting down
2026/02/18 19:49:48 [notice] 29#29: gracefully shutting down
2026/02/18 19:49:48 [notice] 31#31: gracefully shutting down
2026/02/18 19:49:48 [notice] 36#36: gracefully shutting down
2026/02/18 19:49:48 [notice] 32#32: gracefully shutting down
2026/02/18 19:49:48 [notice] 34#34: exiting
2026/02/18 19:49:48 [notice] 33#33: exiting
2026/02/18 19:49:48 [notice] 30#30: exiting
2026/02/18 19:49:48 [notice] 31#31: exiting
2026/02/18 19:49:48 [notice] 32#32: exiting
2026/02/18 19:49:48 [notice] 36#36: exiting
2026/02/18 19:49:48 [notice] 29#29: exiting
2026/02/18 19:49:48 [notice] 35#35: gracefully shutting down
2026/02/18 19:49:48 [notice] 35#35: exiting
2026/02/18 19:49:48 [notice] 34#34: exit
2026/02/18 19:49:48 [notice] 32#32: exit
2026/02/18 19:49:48 [notice] 29#29: exit
2026/02/18 19:49:48 [notice] 33#33: exit
2026/02/18 19:49:48 [notice] 30#30: exit
2026/02/18 19:49:48 [notice] 36#36: exit
2026/02/18 19:49:48 [notice] 35#35: exit
2026/02/18 19:49:48 [notice] 31#31: exit
2026/02/18 19:49:48 [notice] 1#1: signal 17 (SIGCHLD) received from 30
2026/02/18 19:49:48 [notice] 1#1: worker process 30 exited with code 0
2026/02/18 19:49:48 [notice] 1#1: worker process 29 exited with code 0
2026/02/18 19:49:48 [notice] 1#1: signal 29 (SIGIO) received
2026/02/18 19:49:48 [notice] 1#1: signal 17 (SIGCHLD) received from 29
2026/02/18 19:49:48 [notice] 1#1: signal 17 (SIGCHLD) received from 32
2026/02/18 19:49:48 [notice] 1#1: worker process 32 exited with code 0
2026/02/18 19:49:48 [notice] 1#1: signal 29 (SIGIO) received
2026/02/18 19:49:49 [notice] 1#1: signal 17 (SIGCHLD) received from 31
2026/02/18 19:49:49 [notice] 1#1: worker process 31 exited with code 0
2026/02/18 19:49:49 [notice] 1#1: signal 29 (SIGIO) received
2026/02/18 19:49:49 [notice] 1#1: signal 17 (SIGCHLD) received from 34
2026/02/18 19:49:49 [notice] 1#1: worker process 34 exited with code 0
2026/02/18 19:49:49 [notice] 1#1: worker process 35 exited with code 0
2026/02/18 19:49:49 [notice] 1#1: signal 29 (SIGIO) received
2026/02/18 19:49:49 [notice] 1#1: signal 17 (SIGCHLD) received from 35
2026/02/18 19:49:49 [notice] 1#1: signal 17 (SIGCHLD) received from 36
2026/02/18 19:49:49 [notice] 1#1: worker process 36 exited with code 0
2026/02/18 19:49:49 [notice] 1#1: signal 29 (SIGIO) received
2026/02/18 19:49:49 [notice] 1#1: signal 17 (SIGCHLD) received from 33
2026/02/18 19:49:49 [notice] 1#1: worker process 33 exited with code 0
2026/02/18 19:49:49 [notice] 1#1: exit
2026/02/22 04:31:57 [notice] 1#1: using the "epoll" event method
2026/02/22 04:31:57 [notice] 1#1: nginx/1.29.5
2026/02/22 04:31:57 [notice] 1#1: built by gcc 14.2.0 (Debian 14.2.0-19) 
2026/02/22 04:31:57 [notice] 1#1: OS: Linux 5.15.146.1-microsoft-standard-WSL2
2026/02/22 04:31:57 [notice] 1#1: getrlimit(RLIMIT_NOFILE): 1048576:1048576
2026/02/22 04:31:57 [notice] 1#1: start worker processes
2026/02/22 04:31:57 [notice] 1#1: start worker process 28
2026/02/22 04:31:57 [notice] 1#1: start worker process 29
2026/02/22 04:31:57 [notice] 1#1: start worker process 30
2026/02/22 04:31:57 [notice] 1#1: start worker process 31
2026/02/22 04:31:57 [notice] 1#1: start worker process 32
2026/02/22 04:31:57 [notice] 1#1: start worker process 33
2026/02/22 04:31:57 [notice] 1#1: start worker process 34
2026/02/22 04:31:57 [notice] 1#1: start worker process 35
